<?xml version="1.0" encoding="UTF-8"?>
<testsuite name="com.example.rest_service.EmployeeControllerTest" tests="1" skipped="0" failures="0" errors="0" timestamp="2024-07-24T12:09:58" hostname="DESKTOP-SMPA2DA" time="0.179">
  <properties/>
  <testcase name="getAllEmployees_success()" classname="com.example.rest_service.EmployeeControllerTest" time="0.179"/>
  <system-out><![CDATA[22:09:56.381 [Test worker] INFO org.springframework.test.context.support.AnnotationConfigContextLoaderUtils -- Could not detect default configuration classes for test class [com.example.rest_service.EmployeeControllerTest]: EmployeeControllerTest does not declare any static, non-private, non-final, nested classes annotated with @Configuration.
22:09:56.521 [Test worker] INFO org.springframework.boot.test.context.SpringBootTestContextBootstrapper -- Found @SpringBootConfiguration com.example.rest_service.RestServiceApplication for test class com.example.rest_service.EmployeeControllerTest

  .   ____          _            __ _ _
 /\\ / ___'_ __ _ _(_)_ __  __ _ \ \ \ \
( ( )\___ | '_ | '_| | '_ \/ _` | \ \ \ \
 \\/  ___)| |_)| | | | | || (_| |  ) ) ) )
  '  |____| .__|_| |_|_| |_\__, | / / / /
 =========|_|==============|___/=/_/_/_/

 :: Spring Boot ::                (v3.3.2)

2024-07-24T22:09:56.825+10:00  INFO 13732 --- [rest-service] [    Test worker] c.e.rest_service.EmployeeControllerTest  : Starting EmployeeControllerTest using Java 17.0.12 with PID 13732 (started by hidea in C:\Users\hidea\OneDrive\桌面\rest-service)
2024-07-24T22:09:56.825+10:00  INFO 13732 --- [rest-service] [    Test worker] c.e.rest_service.EmployeeControllerTest  : No active profile set, falling back to 1 default profile: "default"
2024-07-24T22:09:58.566+10:00  INFO 13732 --- [rest-service] [    Test worker] o.s.b.t.m.w.SpringBootMockServletContext : Initializing Spring TestDispatcherServlet ''
2024-07-24T22:09:58.566+10:00  INFO 13732 --- [rest-service] [    Test worker] o.s.t.web.servlet.TestDispatcherServlet  : Initializing Servlet ''
2024-07-24T22:09:58.566+10:00  INFO 13732 --- [rest-service] [    Test worker] o.s.t.web.servlet.TestDispatcherServlet  : Completed initialization in 0 ms
2024-07-24T22:09:58.598+10:00  INFO 13732 --- [rest-service] [    Test worker] c.e.rest_service.EmployeeControllerTest  : Started EmployeeControllerTest in 2.014 seconds (process running for 2.97)
]]></system-out>
  <system-err><![CDATA[]]></system-err>
</testsuite>
